20:39:12.635 Running build in Washington, D.C., USA (East) – iad1
20:39:12.636 Build machine configuration: 2 cores, 8 GB
20:39:12.767 Cloning github.com/lmj0209/WayToAgicStudyHomepage (Branch: main, Commit: 2faef54)
20:39:12.768 Previous build caches not available.
20:39:12.998 Cloning completed: 231.000ms
20:39:13.358 Running "vercel build"
20:39:14.342 Vercel CLI 50.9.6
20:39:14.902 Installing dependencies...
20:39:23.886 
20:39:23.887 added 107 packages in 9s
20:39:23.888 
20:39:23.888 29 packages are looking for funding
20:39:23.888   run `npm fund` for details
20:39:23.946 Running "npm run build"
20:39:24.047 
20:39:24.047 > academic-homepage@2.0.0 build
20:39:24.047 > next build
20:39:24.048 
20:39:24.682 Attention: Next.js now collects completely anonymous telemetry regarding usage.
20:39:24.683 This information is used to shape Next.js' roadmap and prioritize features.
20:39:24.683 You can learn more, including how to opt-out if you'd not like to participate in this anonymous program, by visiting the following URL:
20:39:24.683 https://nextjs.org/telemetry
20:39:24.683 
20:39:24.765    ▲ Next.js 15.5.11
20:39:24.766 
20:39:24.796    Creating an optimized production build ...
20:39:25.267  ⚠ Mismatching @next/swc version, detected: 15.5.7 while Next.js is on 15.5.11. Please ensure these match
20:39:29.623  ⚠ Mismatching @next/swc version, detected: 15.5.7 while Next.js is on 15.5.11. Please ensure these match
20:39:30.593  ⚠ Mismatching @next/swc version, detected: 15.5.7 while Next.js is on 15.5.11. Please ensure these match
20:39:34.185  ✓ Compiled successfully in 7.0s
20:39:34.188    Linting and checking validity of types ...
20:39:37.081 Failed to compile.
20:39:37.082 
20:39:37.082 ./components/Publications.tsx:89:34
20:39:37.083 Type error: Property 'code' does not exist on type '{ pdf: string; code: string; slides: string; bibtex: string; } | { pdf: string; code: string; slides?: undefined; bibtex?: undefined; } | { pdf: string; }'.
20:39:37.083   Property 'code' does not exist on type '{ pdf: string; }'.
20:39:37.083 
20:39:37.083 [0m [90m 87 |[39m                       [33m<[39m[33m/[39m[33ma[39m[33m>[39m
20:39:37.083  [90m 88 |[39m                     )}
20:39:37.083 [31m[1m>[22m[39m[90m 89 |[39m                     {paper[33m.[39mlinks[33m.[39mcode [33m&&[39m (
20:39:37.084  [90m    |[39m                                  [31m[1m^[22m[39m
20:39:37.084  [90m 90 |[39m                       [33m<[39m[33ma[39m
20:39:37.084  [90m 91 |[39m                         href[33m=[39m{paper[33m.[39mlinks[33m.[39mcode}
20:39:37.084  [90m 92 |[39m                         target[33m=[39m[32m"_blank"[39m[0m
20:39:37.106 Next.js build worker exited with code: 1 and signal: null
20:39:37.123 Error: Command "npm run build" exited with 1